Kotlin/Camera/app/build/intermediates/manifest_merge_blame_file/debug/manifest-merger-blame-debug-report.txt
1<?xml version="1.0" encoding="utf-8"?>
2<manifest xmlns:android="http://schemas.android.com/apk/res/android"
3    package="com.example.camera"
4    android:versionCode="1"
5    android:versionName="1.0" >
6
7    <uses-sdk
8        android:minSdkVersion="27"
8-->src/main/AndroidManifest.xml
9        android:targetSdkVersion="28" />
9-->src/main/AndroidManifest.xml
10
11    <uses-permission android:name="android.permission.CAMERA" />
11-->src/main/AndroidManifest.xml:4:5-65
11-->src/main/AndroidManifest.xml:4:22-62
12    <uses-permission android:name="android.permission.INTERNET" />
12-->src/main/AndroidManifest.xml:5:5-67
12-->src/main/AndroidManifest.xml:5:22-64
13    <uses-permission android:name="android.permission.READ_EXTERNAL_STORAGE" />
13-->src/main/AndroidManifest.xml:6:5-80
13-->src/main/AndroidManifest.xml:6:22-77
14    <uses-permission android:name="android.permission.WRITE_EXTERNAL_STORAGE" />
14-->src/main/AndroidManifest.xml:7:5-81
14-->src/main/AndroidManifest.xml:7:22-78
15
16    <application
16-->src/main/AndroidManifest.xml:9:5-32:19
17        android:allowBackup="true"
17-->src/main/AndroidManifest.xml:10:9-35
18        android:appComponentFactory="androidx.core.app.CoreComponentFactory"
18-->[androidx.core:core:1.0.1] AndroidManifest.xml:22:18-86
19        android:debuggable="true"
20        android:icon="@mipmap/ic_launcher"
20-->src/main/AndroidManifest.xml:11:9-43
21        android:label="@string/app_name"
21-->src/main/AndroidManifest.xml:12:9-41
22        android:roundIcon="@mipmap/ic_launcher_round"
22-->src/main/AndroidManifest.xml:13:9-54
23        android:supportsRtl="true"
23-->src/main/AndroidManifest.xml:14:9-35
24        android:testOnly="true"
25        android:theme="@style/AppTheme" >
25-->src/main/AndroidManifest.xml:15:9-40
26        <activity android:name="com.example.camera.MainActivity" >
26-->src/main/AndroidManifest.xml:16:9-22:20
26-->src/main/AndroidManifest.xml:16:19-47
27            <intent-filter>
27-->src/main/AndroidManifest.xml:17:13-21:29
28                <action android:name="android.intent.action.MAIN" />
28-->src/main/AndroidManifest.xml:18:17-69
28-->src/main/AndroidManifest.xml:18:25-66
29
30                <category android:name="android.intent.category.LAUNCHER" />
30-->src/main/AndroidManifest.xml:20:17-77
30-->src/main/AndroidManifest.xml:20:27-74
31            </intent-filter>
32        </activity>
33
34        <provider
34-->src/main/AndroidManifest.xml:23:9-31:20
35            android:name="androidx.core.content.FileProvider"
35-->src/main/AndroidManifest.xml:24:13-62
36            android:authorities="com.example.hxd.pictest.fileprovider"
36-->src/main/AndroidManifest.xml:25:13-71
37            android:exported="false"
37-->src/main/AndroidManifest.xml:26:13-37
38            android:grantUriPermissions="true" >
38-->src/main/AndroidManifest.xml:27:13-47
39            <meta-data
39-->src/main/AndroidManifest.xml:28:13-30:54
40                android:name="android.support.FILE_PROVIDER_PATHS"
40-->src/main/AndroidManifest.xml:29:17-67
41                android:resource="@xml/file_paths" />
41-->src/main/AndroidManifest.xml:30:17-51
42        </provider>
43
44        <activity
44-->[pub.devrel:easypermissions:1.3.0] AndroidManifest.xml:12:9-16:66
45            android:name="pub.devrel.easypermissions.AppSettingsDialogHolderActivity"
45-->[pub.devrel:easypermissions:1.3.0] AndroidManifest.xml:13:13-86
46            android:exported="false"
46-->[pub.devrel:easypermissions:1.3.0] AndroidManifest.xml:14:13-37
47            android:label=""
47-->[pub.devrel:easypermissions:1.3.0] AndroidManifest.xml:15:13-29
48            android:theme="@style/EasyPermissions.Transparent" />
48-->[pub.devrel:easypermissions:1.3.0] AndroidManifest.xml:16:13-63
49    </application>
50
51</manifest>